
--- 2026-02-22 20:27:09 ---
Tag: warn
URL: http://1.1.1.1/api/intercom/GetContacts
Payload: {}
Status Code: 404
<!doctype html>
<html>
  <head>
    <meta charset="utf-8" />

    <title>Not Found</title>
  <link href="/site-aa686e0e9e4d122550f8.css" rel="stylesheet"><link href="/dns-aa686e0e9e4d122550f8.css" rel="stylesheet"><link href="/help-aa686e0e9e4d122550f8.css" rel="stylesheet"><link href="/purgeCache-aa686e0e9e4d122550f8.css" rel="stylesheet"><link href="/faq-aa686e0e9e4d122550f8.css" rel="stylesheet"><link href="/family-aa686e0e9e4d122550f8.css" rel="stylesheet"><link href="/beta-aa686e0e9e4d122550f8.css" rel="stylesheet"></head>
  <body style="padding: 3em">
    <h1>Not Found</h1>
    <p>We’re sorry, that page wasn’t found, but we can help you find every website on the internet. <a href="/">Switch to 1.1.1.1</a></p>
  <script type="text/javascript" src="/site-aa686e0e9e4d122550f8.js"></script><script type="text/javascript" src="/dns-aa686e0e9e4d122550f8.js"></script><script type="text/javascript" src="/help-aa686e0e9e4d122550f8.js"></script><script type="text/javascript" src="/purgeCache-aa686e0e9e4d122550f8.js"></script><script type="text/javascript" src="/faq-aa686e0e9e4d122550f8.js"></script><script type="text/javascript" src="/family-aa686e0e9e4d122550f8.js"></script><script type="text/javascript" src="/beta-aa686e0e9e4d122550f8.js"></script></body>
</html>


--- 2026-02-22 20:27:10 ---
Tag: warn
URL: http://1.1.1.1/api/intercom/GetContacts
Payload: {}
Status Code: 404
<!doctype html>
<html>
  <head>
    <meta charset="utf-8" />

    <title>Not Found</title>
  <link href="/site-aa686e0e9e4d122550f8.css" rel="stylesheet"><link href="/dns-aa686e0e9e4d122550f8.css" rel="stylesheet"><link href="/help-aa686e0e9e4d122550f8.css" rel="stylesheet"><link href="/purgeCache-aa686e0e9e4d122550f8.css" rel="stylesheet"><link href="/faq-aa686e0e9e4d122550f8.css" rel="stylesheet"><link href="/family-aa686e0e9e4d122550f8.css" rel="stylesheet"><link href="/beta-aa686e0e9e4d122550f8.css" rel="stylesheet"></head>
  <body style="padding: 3em">
    <h1>Not Found</h1>
    <p>We’re sorry, that page wasn’t found, but we can help you find every website on the internet. <a href="/">Switch to 1.1.1.1</a></p>
  <script type="text/javascript" src="/site-aa686e0e9e4d122550f8.js"></script><script type="text/javascript" src="/dns-aa686e0e9e4d122550f8.js"></script><script type="text/javascript" src="/help-aa686e0e9e4d122550f8.js"></script><script type="text/javascript" src="/purgeCache-aa686e0e9e4d122550f8.js"></script><script type="text/javascript" src="/faq-aa686e0e9e4d122550f8.js"></script><script type="text/javascript" src="/family-aa686e0e9e4d122550f8.js"></script><script type="text/javascript" src="/beta-aa686e0e9e4d122550f8.js"></script></body>
</html>

